<?xml version="1.0" encoding="UTF-8"?>
<!-- Generated by org.testng.reporters.JUnitXMLReporter -->
<testsuite ignored="2" hostname="LAPTOP-P60UM1C4" failures="0" tests="1" name="Default test" time="4.226" errors="0" timestamp="2023-01-19T17:27:30 IST">
  <testcase classname="DemoRequests.Create_User" name="createRandomData" time="4.133"/>
  <testcase classname="DemoRequests.Create_User" name="createNewUserWithValidData" time="0.0">
    <ignored/>
  </testcase> <!-- createNewUserWithValidData -->
  <testcase classname="DemoRequests.Create_User" name="createNullData" time="0.0">
    <ignored/>
  </testcase> <!-- createNullData -->
</testsuite> <!-- Default test -->
