<?xml version="1.0" encoding="UTF-8"?>
<!-- Generated by org.testng.reporters.JUnitXMLReporter -->
<testsuite ignored="4" hostname="LAPTOP-P60UM1C4" failures="0" tests="1" name="Default test" time="5.208" errors="0" timestamp="2023-02-07T12:37:22 IST">
  <testcase classname="DemoRequests.List_Unknown_User" name="listOfUnknownUserInvalidEndpoint" time="5.028"/>
  <testcase classname="DemoRequests.List_Unknown_User" name="listOfUnknownUser" time="0.0">
    <ignored/>
  </testcase> <!-- listOfUnknownUser -->
  <testcase classname="DemoRequests.List_Unknown_User" name="seeTheDataOfParticularIDForUnknownUser" time="0.0">
    <ignored/>
  </testcase> <!-- seeTheDataOfParticularIDForUnknownUser -->
  <testcase classname="DemoRequests.List_Unknown_User" name="seeTheDataOfInvalidIDOfUnknownUser" time="0.0">
    <ignored/>
  </testcase> <!-- seeTheDataOfInvalidIDOfUnknownUser -->
  <testcase classname="DemoRequests.List_Unknown_User" name="seeTheDataOfUnknownUserForID_0" time="0.0">
    <ignored/>
  </testcase> <!-- seeTheDataOfUnknownUserForID_0 -->
</testsuite> <!-- Default test -->
