<?xml version="1.0" encoding="UTF-8"?>
<testng-results ignored="4" total="5" passed="1" failed="0" skipped="0">
  <reporter-output>
  </reporter-output>
  <suite started-at="2023-02-07T12:37:17 IST" name="Default suite" finished-at="2023-02-07T12:37:22 IST" duration-ms="5208">
    <groups>
    </groups>
    <test started-at="2023-02-07T12:37:17 IST" name="Default test" finished-at="2023-02-07T12:37:22 IST" duration-ms="5208">
      <class name="DemoRequests.List_Unknown_User">
        <test-method signature="listOfUnknownUserInvalidEndpoint()[pri:0, instance:DemoRequests.List_Unknown_User@428640fa]" started-at="2023-02-07T12:37:17 IST" name="listOfUnknownUserInvalidEndpoint" finished-at="2023-02-07T12:37:22 IST" duration-ms="5028" status="PASS">
          <reporter-output>
          </reporter-output>
        </test-method> <!-- listOfUnknownUserInvalidEndpoint -->
      </class> <!-- DemoRequests.List_Unknown_User -->
    </test> <!-- Default test -->
  </suite> <!-- Default suite -->
</testng-results>
