<?xml version="1.0" encoding="UTF-8"?>
<testng-results ignored="4" total="5" passed="1" failed="0" skipped="0">
  <reporter-output>
  </reporter-output>
  <suite started-at="2023-01-25T14:34:50 IST" name="Default suite" finished-at="2023-01-25T14:34:57 IST" duration-ms="6247">
    <groups>
    </groups>
    <test started-at="2023-01-25T14:34:50 IST" name="Default test" finished-at="2023-01-25T14:34:57 IST" duration-ms="6247">
      <class name="DemoRequests.List_Unknown_User">
        <test-method signature="seeTheDataOfUnknownUserForID_0()[pri:0, instance:DemoRequests.List_Unknown_User@4c1909a3]" started-at="2023-01-25T14:34:51 IST" name="seeTheDataOfUnknownUserForID_0" finished-at="2023-01-25T14:34:57 IST" duration-ms="6118" status="PASS">
          <reporter-output>
          </reporter-output>
        </test-method> <!-- seeTheDataOfUnknownUserForID_0 -->
      </class> <!-- DemoRequests.List_Unknown_User -->
    </test> <!-- Default test -->
  </suite> <!-- Default suite -->
</testng-results>
